0 info it worked if it ends with ok
1 verbose cli [ '/usr/bin/node',
1 verbose cli   '/usr/bin/npm',
1 verbose cli   'install',
1 verbose cli   'jsdoc@<=3.3.0',
1 verbose cli   '-g' ]
2 info using npm@1.4.28
3 info using node@v0.10.32
4 verbose node symlink /usr/bin/node
5 verbose cache add [ 'jsdoc@<=3.3.0', null ]
6 verbose cache add name=undefined spec="jsdoc@<=3.3.0" args=["jsdoc@<=3.3.0",null]
7 verbose parsed url { protocol: null,
7 verbose parsed url   slashes: null,
7 verbose parsed url   auth: null,
7 verbose parsed url   host: null,
7 verbose parsed url   port: null,
7 verbose parsed url   hostname: null,
7 verbose parsed url   hash: null,
7 verbose parsed url   search: null,
7 verbose parsed url   query: null,
7 verbose parsed url   pathname: 'jsdoc@%3C=3.3.0',
7 verbose parsed url   path: 'jsdoc@%3C=3.3.0',
7 verbose parsed url   href: 'jsdoc@%3C=3.3.0' }
8 verbose cache add name="jsdoc" spec="<=3.3.0" args=["jsdoc","<=3.3.0"]
9 verbose parsed url { protocol: null,
9 verbose parsed url   slashes: null,
9 verbose parsed url   auth: null,
9 verbose parsed url   host: null,
9 verbose parsed url   port: null,
9 verbose parsed url   hostname: null,
9 verbose parsed url   hash: null,
9 verbose parsed url   search: null,
9 verbose parsed url   query: null,
9 verbose parsed url   pathname: '%3C=3.3.0',
9 verbose parsed url   path: '%3C=3.3.0',
9 verbose parsed url   href: '%3C=3.3.0' }
10 verbose addNamed [ 'jsdoc', '<=3.3.0' ]
11 verbose addNamed [ null, '<=3.3.0' ]
12 silly lockFile 01a8fe6d-jsdoc-3-3-0 jsdoc@<=3.3.0
13 verbose lock jsdoc@<=3.3.0 /home/famersbs/.npm/01a8fe6d-jsdoc-3-3-0.lock
14 silly addNameRange { name: 'jsdoc', range: '<=3.3.0', hasData: false }
15 verbose request where is /jsdoc
16 verbose request registry https://registry.npmjs.org/
17 verbose request id 5f493ba15d714152
18 verbose url raw /jsdoc
19 verbose url resolving [ 'https://registry.npmjs.org/', './jsdoc' ]
20 verbose url resolved https://registry.npmjs.org/jsdoc
21 verbose request where is https://registry.npmjs.org/jsdoc
22 info trying registry request attempt 1 at 10:46:59
23 http GET https://registry.npmjs.org/jsdoc
24 http 200 https://registry.npmjs.org/jsdoc
25 silly registry.get cb [ 200,
25 silly registry.get   { date: 'Fri, 26 Sep 2014 01:46:59 GMT',
25 silly registry.get     server: 'CouchDB/1.5.0 (Erlang OTP/R16B03)',
25 silly registry.get     etag: '"3XPX5KTNN9FCRIVVYR6L2R8PM"',
25 silly registry.get     'content-type': 'application/json',
25 silly registry.get     'cache-control': 'max-age=60',
25 silly registry.get     'content-length': '24649',
25 silly registry.get     'accept-ranges': 'bytes',
25 silly registry.get     via: '1.1 varnish',
25 silly registry.get     age: '680',
25 silly registry.get     'x-served-by': 'cache-ty67-TYO',
25 silly registry.get     'x-cache': 'HIT',
25 silly registry.get     'x-cache-hits': '1',
25 silly registry.get     'x-timer': 'S1411696019.381891,VS0,VE129',
25 silly registry.get     vary: 'Accept',
25 silly registry.get     'keep-alive': 'timeout=10, max=50',
25 silly registry.get     connection: 'Keep-Alive' } ]
26 silly addNameRange number 2 { name: 'jsdoc', range: '<=3.3.0', hasData: true }
27 silly addNameRange versions [ 'jsdoc',
27 silly addNameRange   [ '0.0.0',
27 silly addNameRange     '3.2.0-dev',
27 silly addNameRange     '3.2.0',
27 silly addNameRange     '3.2.1',
27 silly addNameRange     '3.2.2',
27 silly addNameRange     '3.3.0-alpha1',
27 silly addNameRange     '3.3.0-alpha2',
27 silly addNameRange     '3.3.0-alpha3',
27 silly addNameRange     '3.3.0-alpha4',
27 silly addNameRange     '3.3.0-alpha5',
27 silly addNameRange     '3.3.0-alpha7',
27 silly addNameRange     '3.3.0-alpha8',
27 silly addNameRange     '3.3.0-alpha9' ] ]
28 verbose addNamed [ 'jsdoc', '3.3.0-alpha9' ]
29 verbose addNamed [ '3.3.0-alpha9', '3.3.0-alpha9' ]
30 silly lockFile 6e37f164-jsdoc-3-3-0-alpha9 jsdoc@3.3.0-alpha9
31 verbose lock jsdoc@3.3.0-alpha9 /home/famersbs/.npm/6e37f164-jsdoc-3-3-0-alpha9.lock
32 silly lockFile e242c666-org-jsdoc-jsdoc-3-3-0-alpha9-tgz https://registry.npmjs.org/jsdoc/-/jsdoc-3.3.0-alpha9.tgz
33 verbose lock https://registry.npmjs.org/jsdoc/-/jsdoc-3.3.0-alpha9.tgz /home/famersbs/.npm/e242c666-org-jsdoc-jsdoc-3-3-0-alpha9-tgz.lock
34 verbose addRemoteTarball [ 'https://registry.npmjs.org/jsdoc/-/jsdoc-3.3.0-alpha9.tgz',
34 verbose addRemoteTarball   '8527b69bfcf5eaf2a6ae82ac01686151bba31660' ]
35 info retry fetch attempt 1 at 10:46:59
36 verbose fetch to= /tmp/npm-3942-RDKU_2Id/registry.npmjs.org/jsdoc/-/jsdoc-3.3.0-alpha9.tgz
37 http GET https://registry.npmjs.org/jsdoc/-/jsdoc-3.3.0-alpha9.tgz
38 http 200 https://registry.npmjs.org/jsdoc/-/jsdoc-3.3.0-alpha9.tgz
39 silly lockFile e242c666-org-jsdoc-jsdoc-3-3-0-alpha9-tgz https://registry.npmjs.org/jsdoc/-/jsdoc-3.3.0-alpha9.tgz
40 silly lockFile e242c666-org-jsdoc-jsdoc-3-3-0-alpha9-tgz https://registry.npmjs.org/jsdoc/-/jsdoc-3.3.0-alpha9.tgz
41 silly lockFile 6e37f164-jsdoc-3-3-0-alpha9 jsdoc@3.3.0-alpha9
42 silly lockFile 6e37f164-jsdoc-3-3-0-alpha9 jsdoc@3.3.0-alpha9
43 silly lockFile 01a8fe6d-jsdoc-3-3-0 jsdoc@<=3.3.0
44 silly lockFile 01a8fe6d-jsdoc-3-3-0 jsdoc@<=3.3.0
45 silly resolved [ { name: 'jsdoc',
45 silly resolved     version: '3.3.0-alpha9',
45 silly resolved     revision: '1403969163513',
45 silly resolved     description: 'An API documentation generator for JavaScript.',
45 silly resolved     keywords: [ 'documentation', 'javascript' ],
45 silly resolved     licenses: [ [Object] ],
45 silly resolved     repository: { type: 'git', url: 'https://github.com/jsdoc3/jsdoc' },
45 silly resolved     dependencies:
45 silly resolved      { async: '~0.1.22',
45 silly resolved        catharsis: '~0.8.2',
45 silly resolved        esprima: 'https://github.com/ariya/esprima/tarball/49a2eccb243f29bd653b11e9419241a9d726af7c',
45 silly resolved        js2xmlparser: '~0.1.0',
45 silly resolved        marked: '~0.3.1',
45 silly resolved        requizzle: '~0.2.0',
45 silly resolved        'strip-json-comments': '~0.1.3',
45 silly resolved        taffydb: 'https://github.com/hegemonic/taffydb/tarball/master',
45 silly resolved        underscore: '~1.6.0',
45 silly resolved        wrench: '~1.3.9' },
45 silly resolved     devDependencies:
45 silly resolved      { gulp: '~3.6.2',
45 silly resolved        'gulp-eslint': '~0.1.6',
45 silly resolved        'gulp-json-editor': '~2.0.2',
45 silly resolved        istanbul: '~0.2.1',
45 silly resolved        tv4: 'https://github.com/hegemonic/tv4/tarball/own-properties' },
45 silly resolved     engines: { node: '>=0.10' },
45 silly resolved     scripts: { test: 'gulp test' },
45 silly resolved     bin: { jsdoc: './jsdoc.js' },
45 silly resolved     bugs: { url: 'https://github.com/jsdoc3/jsdoc/issues' },
45 silly resolved     author: { name: 'Michael Mathews', email: 'micmath@gmail.com' },
45 silly resolved     contributors: [ [Object] ],
45 silly resolved     maintainers: [ [Object], [Object] ],
45 silly resolved     gitHead: 'f5da3b7c9603bdcc80bff7c187d592f3d9fcf450',
45 silly resolved     homepage: 'https://github.com/jsdoc3/jsdoc',
45 silly resolved     _id: 'jsdoc@3.3.0-alpha9',
45 silly resolved     _shasum: '8527b69bfcf5eaf2a6ae82ac01686151bba31660',
45 silly resolved     _from: 'jsdoc@<=3.3.0',
45 silly resolved     _npmVersion: '1.4.16',
45 silly resolved     _npmUser: { name: 'hegemonic', email: 'jeffrey.l.williams@gmail.com' },
45 silly resolved     dist:
45 silly resolved      { shasum: '8527b69bfcf5eaf2a6ae82ac01686151bba31660',
45 silly resolved        tarball: 'http://registry.npmjs.org/jsdoc/-/jsdoc-3.3.0-alpha9.tgz' },
45 silly resolved     directories: {},
45 silly resolved     _resolved: 'https://registry.npmjs.org/jsdoc/-/jsdoc-3.3.0-alpha9.tgz' } ]
46 info install jsdoc@3.3.0-alpha9 into /usr/lib
47 info installOne jsdoc@3.3.0-alpha9
48 verbose lib/node_modules/jsdoc unbuild
49 verbose tar unpack /home/famersbs/.npm/jsdoc/3.3.0-alpha9/package.tgz
50 silly lockFile 1b001a79-tar-usr-lib-node-modules-jsdoc tar:///usr/lib/node_modules/jsdoc
51 verbose lock tar:///usr/lib/node_modules/jsdoc /home/famersbs/.npm/1b001a79-tar-usr-lib-node-modules-jsdoc.lock
52 silly lockFile e9665c15-m-jsdoc-3-3-0-alpha9-package-tgz tar:///home/famersbs/.npm/jsdoc/3.3.0-alpha9/package.tgz
53 verbose lock tar:///home/famersbs/.npm/jsdoc/3.3.0-alpha9/package.tgz /home/famersbs/.npm/e9665c15-m-jsdoc-3-3-0-alpha9-package-tgz.lock
54 silly gunzTarPerm modes [ '775', '664' ]
55 error Error: EACCES, mkdir '/usr/lib/node_modules/jsdoc'
55 error  { [Error: EACCES, mkdir '/usr/lib/node_modules/jsdoc']
55 error   errno: 3,
55 error   code: 'EACCES',
55 error   path: '/usr/lib/node_modules/jsdoc',
55 error   fstream_type: 'Directory',
55 error   fstream_path: '/usr/lib/node_modules/jsdoc',
55 error   fstream_class: 'DirWriter',
55 error   fstream_stack:
55 error    [ '/usr/lib/node_modules/npm/node_modules/fstream/lib/dir-writer.js:36:23',
55 error      '/usr/lib/node_modules/npm/node_modules/mkdirp/index.js:46:53',
55 error      'Object.oncomplete (fs.js:107:15)' ] }
56 error Please try running this command again as root/Administrator.
57 error System Linux 3.13.0-36-generic
58 error command "/usr/bin/node" "/usr/bin/npm" "install" "jsdoc@<=3.3.0" "-g"
59 error cwd /private/source/urqa/UrQA-Client-Javascript
60 error node -v v0.10.32
61 error npm -v 1.4.28
62 error path /usr/lib/node_modules/jsdoc
63 error fstream_path /usr/lib/node_modules/jsdoc
64 error fstream_type Directory
65 error fstream_class DirWriter
66 error code EACCES
67 error errno 3
68 error stack Error: EACCES, mkdir '/usr/lib/node_modules/jsdoc'
69 error fstream_stack /usr/lib/node_modules/npm/node_modules/fstream/lib/dir-writer.js:36:23
69 error fstream_stack /usr/lib/node_modules/npm/node_modules/mkdirp/index.js:46:53
69 error fstream_stack Object.oncomplete (fs.js:107:15)
70 verbose exit [ 3, true ]
