0 info it worked if it ends with ok
1 verbose cli [ 'node', '/usr/local/bin/npm', 'install', 'jsdoc@<=3.3.0', '-g' ]
2 info using npm@1.4.3
3 info using node@v0.10.26
4 verbose cache add [ 'jsdoc@<=3.3.0', null ]
5 verbose cache add name=undefined spec="jsdoc@<=3.3.0" args=["jsdoc@<=3.3.0",null]
6 verbose parsed url { protocol: null,
6 verbose parsed url   slashes: null,
6 verbose parsed url   auth: null,
6 verbose parsed url   host: null,
6 verbose parsed url   port: null,
6 verbose parsed url   hostname: null,
6 verbose parsed url   hash: null,
6 verbose parsed url   search: null,
6 verbose parsed url   query: null,
6 verbose parsed url   pathname: 'jsdoc@%3C=3.3.0',
6 verbose parsed url   path: 'jsdoc@%3C=3.3.0',
6 verbose parsed url   href: 'jsdoc@%3C=3.3.0' }
7 verbose cache add name="jsdoc" spec="<=3.3.0" args=["jsdoc","<=3.3.0"]
8 verbose parsed url { protocol: null,
8 verbose parsed url   slashes: null,
8 verbose parsed url   auth: null,
8 verbose parsed url   host: null,
8 verbose parsed url   port: null,
8 verbose parsed url   hostname: null,
8 verbose parsed url   hash: null,
8 verbose parsed url   search: null,
8 verbose parsed url   query: null,
8 verbose parsed url   pathname: '%3C=3.3.0',
8 verbose parsed url   path: '%3C=3.3.0',
8 verbose parsed url   href: '%3C=3.3.0' }
9 verbose addNamed [ 'jsdoc', '<=3.3.0' ]
10 verbose addNamed [ null, '<=3.3.0' ]
11 silly lockFile 01a8fe6d-jsdoc-3-3-0 jsdoc@<=3.3.0
12 verbose lock jsdoc@<=3.3.0 /Users/famersbs/.npm/01a8fe6d-jsdoc-3-3-0.lock
13 silly addNameRange { name: 'jsdoc', range: '<=3.3.0', hasData: false }
14 verbose url raw jsdoc
15 verbose url resolving [ 'https://registry.npmjs.org/', './jsdoc' ]
16 verbose url resolved https://registry.npmjs.org/jsdoc
17 info trying registry request attempt 1 at 14:09:59
18 http GET https://registry.npmjs.org/jsdoc
19 http 200 https://registry.npmjs.org/jsdoc
20 silly registry.get cb [ 200,
20 silly registry.get   { date: 'Sat, 27 Sep 2014 05:09:57 GMT',
20 silly registry.get     server: 'CouchDB/1.5.0 (Erlang OTP/R16B03)',
20 silly registry.get     etag: '"3XPX5KTNN9FCRIVVYR6L2R8PM"',
20 silly registry.get     'content-type': 'application/json',
20 silly registry.get     'cache-control': 'max-age=60',
20 silly registry.get     'content-length': '24649',
20 silly registry.get     'accept-ranges': 'bytes',
20 silly registry.get     via: '1.1 varnish',
20 silly registry.get     age: '0',
20 silly registry.get     'x-served-by': 'cache-ty66-TYO',
20 silly registry.get     'x-cache': 'MISS',
20 silly registry.get     'x-cache-hits': '0',
20 silly registry.get     'x-timer': 'S1411794596.674336,VS0,VE969',
20 silly registry.get     vary: 'Accept',
20 silly registry.get     'keep-alive': 'timeout=10, max=50',
20 silly registry.get     connection: 'Keep-Alive' } ]
21 silly addNameRange number 2 { name: 'jsdoc', range: '<=3.3.0', hasData: true }
22 silly addNameRange versions [ 'jsdoc',
22 silly addNameRange   [ '0.0.0',
22 silly addNameRange     '3.2.0-dev',
22 silly addNameRange     '3.2.0',
22 silly addNameRange     '3.2.1',
22 silly addNameRange     '3.2.2',
22 silly addNameRange     '3.3.0-alpha1',
22 silly addNameRange     '3.3.0-alpha2',
22 silly addNameRange     '3.3.0-alpha3',
22 silly addNameRange     '3.3.0-alpha4',
22 silly addNameRange     '3.3.0-alpha5',
22 silly addNameRange     '3.3.0-alpha7',
22 silly addNameRange     '3.3.0-alpha8',
22 silly addNameRange     '3.3.0-alpha9' ] ]
23 verbose addNamed [ 'jsdoc', '3.3.0-alpha9' ]
24 verbose addNamed [ '3.3.0-alpha9', '3.3.0-alpha9' ]
25 silly lockFile 6e37f164-jsdoc-3-3-0-alpha9 jsdoc@3.3.0-alpha9
26 verbose lock jsdoc@3.3.0-alpha9 /Users/famersbs/.npm/6e37f164-jsdoc-3-3-0-alpha9.lock
27 silly lockFile e242c666-org-jsdoc-jsdoc-3-3-0-alpha9-tgz https://registry.npmjs.org/jsdoc/-/jsdoc-3.3.0-alpha9.tgz
28 verbose lock https://registry.npmjs.org/jsdoc/-/jsdoc-3.3.0-alpha9.tgz /Users/famersbs/.npm/e242c666-org-jsdoc-jsdoc-3-3-0-alpha9-tgz.lock
29 verbose addRemoteTarball [ 'https://registry.npmjs.org/jsdoc/-/jsdoc-3.3.0-alpha9.tgz',
29 verbose addRemoteTarball   '8527b69bfcf5eaf2a6ae82ac01686151bba31660' ]
30 info retry fetch attempt 1 at 14:10:01
31 verbose fetch to= /var/folders/bn/st32xhfn1fvg_cj2vqc1_fdw0000gn/T/npm-38944-HmcgvopZ/1411794601213-0.007344773039221764/tmp.tgz
32 http GET https://registry.npmjs.org/jsdoc/-/jsdoc-3.3.0-alpha9.tgz
33 http 200 https://registry.npmjs.org/jsdoc/-/jsdoc-3.3.0-alpha9.tgz
34 verbose tar unpack /var/folders/bn/st32xhfn1fvg_cj2vqc1_fdw0000gn/T/npm-38944-HmcgvopZ/1411794601213-0.007344773039221764/tmp.tgz
35 silly lockFile 13a96f60-213-0-007344773039221764-package tar:///var/folders/bn/st32xhfn1fvg_cj2vqc1_fdw0000gn/T/npm-38944-HmcgvopZ/1411794601213-0.007344773039221764/package
36 verbose lock tar:///var/folders/bn/st32xhfn1fvg_cj2vqc1_fdw0000gn/T/npm-38944-HmcgvopZ/1411794601213-0.007344773039221764/package /Users/famersbs/.npm/13a96f60-213-0-007344773039221764-package.lock
37 silly lockFile ee0df943-213-0-007344773039221764-tmp-tgz tar:///var/folders/bn/st32xhfn1fvg_cj2vqc1_fdw0000gn/T/npm-38944-HmcgvopZ/1411794601213-0.007344773039221764/tmp.tgz
38 verbose lock tar:///var/folders/bn/st32xhfn1fvg_cj2vqc1_fdw0000gn/T/npm-38944-HmcgvopZ/1411794601213-0.007344773039221764/tmp.tgz /Users/famersbs/.npm/ee0df943-213-0-007344773039221764-tmp-tgz.lock
39 silly gunzTarPerm modes [ '755', '644' ]
40 silly gunzTarPerm extractEntry package.json
41 silly gunzTarPerm extractEntry .npmignore
42 silly gunzTarPerm extractEntry README.md
43 silly gunzTarPerm extractEntry cli.js
44 silly gunzTarPerm extractEntry jsdoc.js
45 silly gunzTarPerm extractEntry changes.md
46 silly gunzTarPerm extractEntry CONTRIBUTING.md
47 silly gunzTarPerm extractEntry conf.json.EXAMPLE
48 silly gunzTarPerm extractEntry LICENSE.md
49 silly gunzTarPerm extractEntry Apache_License_2.0.txt
50 silly gunzTarPerm extractEntry node/fs.js
51 silly gunzTarPerm extractEntry templates/README.md
52 silly gunzTarPerm extractEntry templates/default/README.md
53 silly gunzTarPerm extractEntry templates/default/publish.js
54 silly gunzTarPerm extractEntry templates/default/static/scripts/linenumber.js
55 silly gunzTarPerm extractEntry templates/default/static/scripts/prettify/lang-css.js
56 silly gunzTarPerm extractEntry templates/default/static/scripts/prettify/prettify.js
57 silly gunzTarPerm extractEntry templates/default/static/scripts/prettify/Apache-License-2.0.txt
58 silly gunzTarPerm extractEntry templates/default/static/styles/jsdoc-default.css
59 silly gunzTarPerm extractEntry templates/default/static/styles/prettify-jsdoc.css
60 silly gunzTarPerm extractEntry templates/default/static/styles/prettify-tomorrow.css
61 silly gunzTarPerm extractEntry templates/default/tmpl/members.tmpl
62 silly gunzTarPerm extractEntry templates/default/tmpl/container.tmpl
63 silly gunzTarPerm extractEntry templates/default/tmpl/example.tmpl
64 silly gunzTarPerm extractEntry templates/default/tmpl/examples.tmpl
65 silly gunzTarPerm extractEntry templates/default/tmpl/exceptions.tmpl
66 silly gunzTarPerm extractEntry templates/default/tmpl/layout.tmpl
67 silly gunzTarPerm extractEntry templates/default/tmpl/mainpage.tmpl
68 silly gunzTarPerm extractEntry templates/default/tmpl/details.tmpl
69 silly gunzTarPerm extractEntry templates/default/tmpl/method.tmpl
70 silly gunzTarPerm extractEntry templates/default/tmpl/params.tmpl
71 silly gunzTarPerm extractEntry templates/default/tmpl/properties.tmpl
72 silly gunzTarPerm extractEntry templates/default/tmpl/returns.tmpl
73 silly gunzTarPerm extractEntry templates/default/tmpl/source.tmpl
74 silly gunzTarPerm extractEntry templates/default/tmpl/tutorial.tmpl
75 silly gunzTarPerm extractEntry templates/default/tmpl/type.tmpl
76 silly gunzTarPerm extractEntry templates/haruki/README.md
77 silly gunzTarPerm extractEntry templates/haruki/publish.js
78 silly gunzTarPerm extractEntry package.json.orig
79 silly gunzTarPerm extractEntry plugins/commentConvert.js
80 silly gunzTarPerm extractEntry plugins/escapeHtml.js
81 silly gunzTarPerm extractEntry plugins/eventDumper.js
82 silly gunzTarPerm extractEntry plugins/markdown.js
83 silly gunzTarPerm extractEntry plugins/commentsOnly.js
84 silly gunzTarPerm extractEntry plugins/partial.js
85 silly gunzTarPerm extractEntry plugins/railsTemplate.js
86 silly gunzTarPerm extractEntry plugins/shout.js
87 silly gunzTarPerm extractEntry plugins/sourcetag.js
88 silly gunzTarPerm extractEntry plugins/overloadHelper.js
89 silly gunzTarPerm extractEntry plugins/test/fixtures/overloadHelper.js
90 silly gunzTarPerm extractEntry plugins/test/fixtures/seetag-markdown.js
91 silly gunzTarPerm extractEntry plugins/test/fixtures/railsTemplate.js.erb
92 silly gunzTarPerm extractEntry plugins/test/specs/commentConvert.js
93 silly gunzTarPerm extractEntry plugins/test/specs/escapeHtml.js
94 silly gunzTarPerm extractEntry plugins/test/specs/markdown.js
95 silly gunzTarPerm extractEntry plugins/test/specs/overloadHelper.js
96 silly gunzTarPerm extractEntry plugins/test/specs/railsTemplate.js
97 silly gunzTarPerm extractEntry plugins/test/specs/shout.js
98 silly gunzTarPerm extractEntry plugins/test/specs/sourcetag.js
99 silly gunzTarPerm extractEntry lib/jsdoc/augment.js
100 silly gunzTarPerm extractEntry lib/jsdoc/fs.js
101 silly gunzTarPerm extractEntry lib/jsdoc/name.js
102 silly gunzTarPerm extractEntry lib/jsdoc/tutorial.js
103 silly gunzTarPerm extractEntry lib/jsdoc/doclet.js
104 silly gunzTarPerm extractEntry lib/jsdoc/path.js
105 silly gunzTarPerm extractEntry lib/jsdoc/borrow.js
106 silly gunzTarPerm extractEntry lib/jsdoc/readme.js
107 silly gunzTarPerm extractEntry lib/jsdoc/schema.js
108 silly gunzTarPerm extractEntry lib/jsdoc/template.js
109 silly gunzTarPerm extractEntry lib/jsdoc/config.js
110 silly gunzTarPerm extractEntry lib/jsdoc/tag.js
111 silly gunzTarPerm extractEntry lib/jsdoc/package.js
112 silly gunzTarPerm extractEntry lib/jsdoc/plugins.js
113 silly gunzTarPerm extractEntry lib/jsdoc/tag/dictionary.js
114 silly gunzTarPerm extractEntry lib/jsdoc/tag/inline.js
115 silly gunzTarPerm extractEntry lib/jsdoc/tag/type.js
116 silly gunzTarPerm extractEntry lib/jsdoc/tag/validator.js
117 silly gunzTarPerm extractEntry lib/jsdoc/tag/dictionary/definitions.js
118 silly gunzTarPerm extractEntry lib/jsdoc/src/astbuilder.js
119 silly gunzTarPerm extractEntry lib/jsdoc/src/astnode.js
120 silly gunzTarPerm extractEntry lib/jsdoc/src/filter.js
121 silly gunzTarPerm extractEntry lib/jsdoc/src/handlers.js
122 silly gunzTarPerm extractEntry lib/jsdoc/src/parser.js
123 silly gunzTarPerm extractEntry lib/jsdoc/src/scanner.js
124 silly gunzTarPerm extractEntry lib/jsdoc/src/syntax.js
125 silly gunzTarPerm extractEntry lib/jsdoc/src/visitor.js
126 silly gunzTarPerm extractEntry lib/jsdoc/src/walker.js
127 silly gunzTarPerm extractEntry lib/jsdoc/tutorial/resolver.js
128 silly gunzTarPerm extractEntry lib/jsdoc/opts/argparser.js
129 silly gunzTarPerm extractEntry lib/jsdoc/opts/args.js
130 silly gunzTarPerm extractEntry lib/jsdoc/util/doop.js
131 silly gunzTarPerm extractEntry lib/jsdoc/util/dumper.js
132 silly gunzTarPerm extractEntry lib/jsdoc/util/error.js
133 silly gunzTarPerm extractEntry lib/jsdoc/util/logger.js
134 silly gunzTarPerm extractEntry lib/jsdoc/util/markdown.js
135 silly gunzTarPerm extractEntry lib/jsdoc/util/runtime.js
136 silly gunzTarPerm extractEntry lib/jsdoc/util/templateHelper.js
137 silly lockFile 13a96f60-213-0-007344773039221764-package tar:///var/folders/bn/st32xhfn1fvg_cj2vqc1_fdw0000gn/T/npm-38944-HmcgvopZ/1411794601213-0.007344773039221764/package
138 silly lockFile 13a96f60-213-0-007344773039221764-package tar:///var/folders/bn/st32xhfn1fvg_cj2vqc1_fdw0000gn/T/npm-38944-HmcgvopZ/1411794601213-0.007344773039221764/package
139 silly lockFile ee0df943-213-0-007344773039221764-tmp-tgz tar:///var/folders/bn/st32xhfn1fvg_cj2vqc1_fdw0000gn/T/npm-38944-HmcgvopZ/1411794601213-0.007344773039221764/tmp.tgz
140 silly lockFile ee0df943-213-0-007344773039221764-tmp-tgz tar:///var/folders/bn/st32xhfn1fvg_cj2vqc1_fdw0000gn/T/npm-38944-HmcgvopZ/1411794601213-0.007344773039221764/tmp.tgz
141 verbose tar pack [ '/Users/famersbs/.npm/jsdoc/3.3.0-alpha9/package.tgz',
141 verbose tar pack   '/var/folders/bn/st32xhfn1fvg_cj2vqc1_fdw0000gn/T/npm-38944-HmcgvopZ/1411794601213-0.007344773039221764/package' ]
142 verbose tarball /Users/famersbs/.npm/jsdoc/3.3.0-alpha9/package.tgz
143 verbose folder /var/folders/bn/st32xhfn1fvg_cj2vqc1_fdw0000gn/T/npm-38944-HmcgvopZ/1411794601213-0.007344773039221764/package
144 silly lockFile 13a96f60-213-0-007344773039221764-package tar:///var/folders/bn/st32xhfn1fvg_cj2vqc1_fdw0000gn/T/npm-38944-HmcgvopZ/1411794601213-0.007344773039221764/package
145 verbose lock tar:///var/folders/bn/st32xhfn1fvg_cj2vqc1_fdw0000gn/T/npm-38944-HmcgvopZ/1411794601213-0.007344773039221764/package /Users/famersbs/.npm/13a96f60-213-0-007344773039221764-package.lock
146 silly lockFile 78d48c5e-m-jsdoc-3-3-0-alpha9-package-tgz tar:///Users/famersbs/.npm/jsdoc/3.3.0-alpha9/package.tgz
147 verbose lock tar:///Users/famersbs/.npm/jsdoc/3.3.0-alpha9/package.tgz /Users/famersbs/.npm/78d48c5e-m-jsdoc-3-3-0-alpha9-package-tgz.lock
148 silly lockFile 13a96f60-213-0-007344773039221764-package tar:///var/folders/bn/st32xhfn1fvg_cj2vqc1_fdw0000gn/T/npm-38944-HmcgvopZ/1411794601213-0.007344773039221764/package
149 silly lockFile 13a96f60-213-0-007344773039221764-package tar:///var/folders/bn/st32xhfn1fvg_cj2vqc1_fdw0000gn/T/npm-38944-HmcgvopZ/1411794601213-0.007344773039221764/package
150 silly lockFile 78d48c5e-m-jsdoc-3-3-0-alpha9-package-tgz tar:///Users/famersbs/.npm/jsdoc/3.3.0-alpha9/package.tgz
151 silly lockFile 78d48c5e-m-jsdoc-3-3-0-alpha9-package-tgz tar:///Users/famersbs/.npm/jsdoc/3.3.0-alpha9/package.tgz
152 silly lockFile 834f5c31-s-npm-jsdoc-3-3-0-alpha9-package /Users/famersbs/.npm/jsdoc/3.3.0-alpha9/package
153 verbose lock /Users/famersbs/.npm/jsdoc/3.3.0-alpha9/package /Users/famersbs/.npm/834f5c31-s-npm-jsdoc-3-3-0-alpha9-package.lock
154 silly lockFile 834f5c31-s-npm-jsdoc-3-3-0-alpha9-package /Users/famersbs/.npm/jsdoc/3.3.0-alpha9/package
155 silly lockFile 834f5c31-s-npm-jsdoc-3-3-0-alpha9-package /Users/famersbs/.npm/jsdoc/3.3.0-alpha9/package
156 verbose tar unpack /Users/famersbs/.npm/jsdoc/3.3.0-alpha9/package.tgz
157 silly lockFile a7d9a63f-s-npm-jsdoc-3-3-0-alpha9-package tar:///Users/famersbs/.npm/jsdoc/3.3.0-alpha9/package
158 verbose lock tar:///Users/famersbs/.npm/jsdoc/3.3.0-alpha9/package /Users/famersbs/.npm/a7d9a63f-s-npm-jsdoc-3-3-0-alpha9-package.lock
159 silly lockFile 78d48c5e-m-jsdoc-3-3-0-alpha9-package-tgz tar:///Users/famersbs/.npm/jsdoc/3.3.0-alpha9/package.tgz
160 verbose lock tar:///Users/famersbs/.npm/jsdoc/3.3.0-alpha9/package.tgz /Users/famersbs/.npm/78d48c5e-m-jsdoc-3-3-0-alpha9-package-tgz.lock
161 silly gunzTarPerm modes [ '755', '644' ]
162 silly gunzTarPerm extractEntry package.json
163 silly gunzTarPerm extractEntry .npmignore
164 silly gunzTarPerm extractEntry README.md
165 silly gunzTarPerm extractEntry cli.js
166 silly gunzTarPerm extractEntry jsdoc.js
167 silly gunzTarPerm extractEntry changes.md
168 silly gunzTarPerm extractEntry CONTRIBUTING.md
169 silly gunzTarPerm extractEntry Apache_License_2.0.txt
170 silly gunzTarPerm extractEntry LICENSE.md
171 silly gunzTarPerm extractEntry lib/jsdoc/augment.js
172 silly gunzTarPerm extractEntry lib/jsdoc/fs.js
173 silly gunzTarPerm extractEntry lib/jsdoc/name.js
174 silly gunzTarPerm extractEntry lib/jsdoc/tutorial.js
175 silly gunzTarPerm extractEntry lib/jsdoc/doclet.js
176 silly gunzTarPerm extractEntry lib/jsdoc/path.js
177 silly gunzTarPerm extractEntry lib/jsdoc/borrow.js
178 silly gunzTarPerm extractEntry lib/jsdoc/readme.js
179 silly gunzTarPerm extractEntry lib/jsdoc/schema.js
180 silly gunzTarPerm extractEntry lib/jsdoc/template.js
181 silly gunzTarPerm extractEntry lib/jsdoc/config.js
182 silly gunzTarPerm extractEntry lib/jsdoc/tag.js
183 silly gunzTarPerm extractEntry lib/jsdoc/package.js
184 silly gunzTarPerm extractEntry lib/jsdoc/plugins.js
185 silly gunzTarPerm extractEntry lib/jsdoc/tag/dictionary.js
186 silly gunzTarPerm extractEntry lib/jsdoc/tag/inline.js
187 silly gunzTarPerm extractEntry lib/jsdoc/tag/type.js
188 silly gunzTarPerm extractEntry lib/jsdoc/tag/validator.js
189 silly gunzTarPerm extractEntry lib/jsdoc/tag/dictionary/definitions.js
190 silly gunzTarPerm extractEntry lib/jsdoc/src/astbuilder.js
191 silly gunzTarPerm extractEntry lib/jsdoc/src/astnode.js
192 silly gunzTarPerm extractEntry lib/jsdoc/src/filter.js
193 silly gunzTarPerm extractEntry lib/jsdoc/src/handlers.js
194 silly gunzTarPerm extractEntry lib/jsdoc/src/parser.js
195 silly gunzTarPerm extractEntry lib/jsdoc/src/scanner.js
196 silly gunzTarPerm extractEntry lib/jsdoc/src/syntax.js
197 silly gunzTarPerm extractEntry lib/jsdoc/src/visitor.js
198 silly gunzTarPerm extractEntry lib/jsdoc/src/walker.js
199 silly gunzTarPerm extractEntry lib/jsdoc/tutorial/resolver.js
200 silly gunzTarPerm extractEntry lib/jsdoc/opts/argparser.js
201 silly gunzTarPerm extractEntry lib/jsdoc/opts/args.js
202 silly gunzTarPerm extractEntry lib/jsdoc/util/doop.js
203 silly gunzTarPerm extractEntry lib/jsdoc/util/dumper.js
204 silly gunzTarPerm extractEntry lib/jsdoc/util/error.js
205 silly gunzTarPerm extractEntry lib/jsdoc/util/logger.js
206 silly gunzTarPerm extractEntry lib/jsdoc/util/markdown.js
207 silly gunzTarPerm extractEntry lib/jsdoc/util/runtime.js
208 silly gunzTarPerm extractEntry lib/jsdoc/util/templateHelper.js
209 silly gunzTarPerm extractEntry node/fs.js
210 silly gunzTarPerm extractEntry templates/README.md
211 silly gunzTarPerm extractEntry templates/default/README.md
212 silly gunzTarPerm extractEntry templates/default/publish.js
213 silly gunzTarPerm extractEntry templates/default/static/scripts/linenumber.js
214 silly gunzTarPerm extractEntry templates/default/static/scripts/prettify/lang-css.js
215 silly gunzTarPerm extractEntry templates/default/static/scripts/prettify/prettify.js
216 silly gunzTarPerm extractEntry templates/default/static/scripts/prettify/Apache-License-2.0.txt
217 silly gunzTarPerm extractEntry templates/default/static/styles/jsdoc-default.css
218 silly gunzTarPerm extractEntry templates/default/static/styles/prettify-jsdoc.css
219 silly gunzTarPerm extractEntry templates/default/static/styles/prettify-tomorrow.css
220 silly gunzTarPerm extractEntry templates/default/tmpl/members.tmpl
221 silly gunzTarPerm extractEntry templates/default/tmpl/container.tmpl
222 silly gunzTarPerm extractEntry templates/default/tmpl/example.tmpl
223 silly gunzTarPerm extractEntry templates/default/tmpl/examples.tmpl
224 silly gunzTarPerm extractEntry templates/default/tmpl/exceptions.tmpl
225 silly gunzTarPerm extractEntry templates/default/tmpl/layout.tmpl
226 silly gunzTarPerm extractEntry templates/default/tmpl/mainpage.tmpl
227 silly gunzTarPerm extractEntry templates/default/tmpl/details.tmpl
228 silly gunzTarPerm extractEntry templates/default/tmpl/method.tmpl
229 silly gunzTarPerm extractEntry templates/default/tmpl/params.tmpl
230 silly gunzTarPerm extractEntry templates/default/tmpl/properties.tmpl
231 silly gunzTarPerm extractEntry templates/default/tmpl/returns.tmpl
232 silly gunzTarPerm extractEntry templates/default/tmpl/source.tmpl
233 silly gunzTarPerm extractEntry templates/default/tmpl/tutorial.tmpl
234 silly gunzTarPerm extractEntry templates/default/tmpl/type.tmpl
235 silly gunzTarPerm extractEntry templates/haruki/README.md
236 silly gunzTarPerm extractEntry templates/haruki/publish.js
237 silly gunzTarPerm extractEntry package.json.orig
238 silly gunzTarPerm extractEntry plugins/commentConvert.js
239 silly gunzTarPerm extractEntry plugins/escapeHtml.js
240 silly gunzTarPerm extractEntry plugins/eventDumper.js
241 silly gunzTarPerm extractEntry plugins/markdown.js
242 silly gunzTarPerm extractEntry plugins/commentsOnly.js
243 silly gunzTarPerm extractEntry plugins/partial.js
244 silly gunzTarPerm extractEntry plugins/railsTemplate.js
245 silly gunzTarPerm extractEntry plugins/shout.js
246 silly gunzTarPerm extractEntry plugins/sourcetag.js
247 silly gunzTarPerm extractEntry plugins/overloadHelper.js
248 silly gunzTarPerm extractEntry plugins/test/fixtures/overloadHelper.js
249 silly gunzTarPerm extractEntry plugins/test/fixtures/seetag-markdown.js
250 silly gunzTarPerm extractEntry plugins/test/fixtures/railsTemplate.js.erb
251 silly gunzTarPerm extractEntry plugins/test/specs/commentConvert.js
252 silly gunzTarPerm extractEntry plugins/test/specs/escapeHtml.js
253 silly gunzTarPerm extractEntry plugins/test/specs/markdown.js
254 silly gunzTarPerm extractEntry plugins/test/specs/overloadHelper.js
255 silly gunzTarPerm extractEntry plugins/test/specs/railsTemplate.js
256 silly gunzTarPerm extractEntry plugins/test/specs/shout.js
257 silly gunzTarPerm extractEntry plugins/test/specs/sourcetag.js
258 silly gunzTarPerm extractEntry conf.json.EXAMPLE
259 silly lockFile a7d9a63f-s-npm-jsdoc-3-3-0-alpha9-package tar:///Users/famersbs/.npm/jsdoc/3.3.0-alpha9/package
260 silly lockFile a7d9a63f-s-npm-jsdoc-3-3-0-alpha9-package tar:///Users/famersbs/.npm/jsdoc/3.3.0-alpha9/package
261 silly lockFile 78d48c5e-m-jsdoc-3-3-0-alpha9-package-tgz tar:///Users/famersbs/.npm/jsdoc/3.3.0-alpha9/package.tgz
262 silly lockFile 78d48c5e-m-jsdoc-3-3-0-alpha9-package-tgz tar:///Users/famersbs/.npm/jsdoc/3.3.0-alpha9/package.tgz
263 verbose chmod /Users/famersbs/.npm/jsdoc/3.3.0-alpha9/package.tgz 644
264 verbose chown /Users/famersbs/.npm/jsdoc/3.3.0-alpha9/package.tgz [ 501, 20 ]
265 silly lockFile e242c666-org-jsdoc-jsdoc-3-3-0-alpha9-tgz https://registry.npmjs.org/jsdoc/-/jsdoc-3.3.0-alpha9.tgz
266 silly lockFile e242c666-org-jsdoc-jsdoc-3-3-0-alpha9-tgz https://registry.npmjs.org/jsdoc/-/jsdoc-3.3.0-alpha9.tgz
267 silly lockFile 6e37f164-jsdoc-3-3-0-alpha9 jsdoc@3.3.0-alpha9
268 silly lockFile 6e37f164-jsdoc-3-3-0-alpha9 jsdoc@3.3.0-alpha9
269 silly lockFile 01a8fe6d-jsdoc-3-3-0 jsdoc@<=3.3.0
270 silly lockFile 01a8fe6d-jsdoc-3-3-0 jsdoc@<=3.3.0
271 silly resolved [ { name: 'jsdoc',
271 silly resolved     version: '3.3.0-alpha9',
271 silly resolved     revision: '1403969163513',
271 silly resolved     description: 'An API documentation generator for JavaScript.',
271 silly resolved     keywords: [ 'documentation', 'javascript' ],
271 silly resolved     licenses: [ [Object] ],
271 silly resolved     repository: { type: 'git', url: 'https://github.com/jsdoc3/jsdoc' },
271 silly resolved     dependencies:
271 silly resolved      { async: '~0.1.22',
271 silly resolved        catharsis: '~0.8.2',
271 silly resolved        esprima: 'https://github.com/ariya/esprima/tarball/49a2eccb243f29bd653b11e9419241a9d726af7c',
271 silly resolved        js2xmlparser: '~0.1.0',
271 silly resolved        marked: '~0.3.1',
271 silly resolved        requizzle: '~0.2.0',
271 silly resolved        'strip-json-comments': '~0.1.3',
271 silly resolved        taffydb: 'https://github.com/hegemonic/taffydb/tarball/master',
271 silly resolved        underscore: '~1.6.0',
271 silly resolved        wrench: '~1.3.9' },
271 silly resolved     devDependencies:
271 silly resolved      { gulp: '~3.6.2',
271 silly resolved        'gulp-eslint': '~0.1.6',
271 silly resolved        'gulp-json-editor': '~2.0.2',
271 silly resolved        istanbul: '~0.2.1',
271 silly resolved        tv4: 'https://github.com/hegemonic/tv4/tarball/own-properties' },
271 silly resolved     engines: { node: '>=0.10' },
271 silly resolved     scripts: { test: 'gulp test' },
271 silly resolved     bin: { jsdoc: './jsdoc.js' },
271 silly resolved     bugs: { url: 'https://github.com/jsdoc3/jsdoc/issues' },
271 silly resolved     author: { name: 'Michael Mathews', email: 'micmath@gmail.com' },
271 silly resolved     contributors: [ [Object] ],
271 silly resolved     maintainers: { name: 'Jeff Williams', email: 'jeffrey.l.williams@gmail.com' },
271 silly resolved     readme: 'JSDoc 3\n=======\n[![Build Status](https://img.shields.io/travis/jsdoc3/jsdoc.svg)](http://travis-ci.org/jsdoc3/jsdoc)\n\nAn API documentation generator for JavaScript.\n\nWant to contribute to JSDoc? Please read `CONTRIBUTING.md`.\n\nInstallation and Usage\n----------------------\n\nYou can run JSDoc on either Node.js or Mozilla Rhino.\n\n### Node.js\n\nNative support for Node.js is available in JSDoc 3.3.0 and later. JSDoc\nsupports Node.js 0.10 and later.\n\n#### Installing JSDoc for Node.js\n\nYou can install JSDoc in your project\'s `node_modules` folder, or you can\ninstall it globally.\n\nTo install the latest alpha version:\n\n    npm install jsdoc@"<=3.3.0"\n\nTo install the latest development version:\n\n    npm install git+https://github.com/jsdoc3/jsdoc.git\n\n**Note**: If you install JSDoc globally, do not use `sudo npm install`. This may\nprevent you from running JSDoc as a normal user. If you cannot install global\npackages without `sudo`, please\n[fix your npm directory permissions](http://howtonode.org/introduction-to-npm).\n\n#### Running JSDoc with Node.js\n\nIf you installed JSDoc locally, the JSDoc command-line tool is available in\n`./node_modules/.bin`. To generate documentation for the file\n`yourJavaScriptFile.js`:\n\n    ./node_modules/.bin/jsdoc yourJavaScriptFile.js\n\nOr if you installed JSDoc globally, simply run the `jsdoc` command:\n\n    jsdoc yourJavaScriptFile.js\n\nBy default, the generated documentation is saved in a directory named `out`. You\ncan use the `--destination` (`-d`) option to specify another directory.\n\nRun `jsdoc --help` for a complete list of command-line options.\n\n### Mozilla Rhino\n\nAll versions of JSDoc 3 run on a customized version of Mozilla Rhino, which\nrequires Java. You can run JSDoc 3 on Java 1.6 and later.\n\n#### Installing JSDoc for Mozilla Rhino\n\nTo install JSDoc, download a .zip file for the\n[latest development version](https://github.com/jsdoc3/jsdoc/archive/master.zip)\nor a [previous release](https://github.com/jsdoc3/jsdoc/tags).\n\nYou can also use git to clone the\n[JSDoc repository](https://github.com/jsdoc3/jsdoc):\n\n    git clone git+https://github.com/jsdoc3/jsdoc.git\n\nThe JSDoc repository includes a\n[customized version of Mozilla Rhino](https://github.com/jsdoc3/rhino). Make\nsure your Java classpath does not include any other versions of Rhino. (On OS X,\nyou may need to remove the file `~/Library/Java/Extensions/js.jar`.)\n\n**Note**: In JSDoc 3.3.0 and later, if you need to run JSDoc on Mozilla Rhino,\ndo not install JSDoc with npm. Use one of the methods described above.\n\n#### Running JSDoc with Mozilla Rhino\n\nOn OS X, Linux, and other POSIX systems, to generate documentation for the file\n`yourJavaScriptFile.js`:\n\n    ./jsdoc yourJavaScriptFile.js\n\nOr on Windows:\n\n    jsdoc yourJavaScriptFile.js\n\nBy default, the generated documentation is saved in a directory named `out`. You\ncan use the `--destination` (`-d`) option to specify another directory.\n\nRun `jsdoc --help` for a complete list of command-line options.\n\n\nTemplates and Build Tools\n-------------------------\n\nThe JSDoc community has created numerous templates and other tools to help you\ngenerate and customize your documentation. Here are just a few:\n\n### Templates\n\n+ [jaguarjs-jsdoc](https://github.com/davidshimjs/jaguarjs-jsdoc)\n  ([example](http://davidshimjs.github.io/jaguarjs/doc))\n+ [DocStrap](https://github.com/terryweiss/docstrap)\n+ [jsdoc3Template](https://github.com/DBCDK/jsdoc3Template)\n  ([example](https://github.com/danyg/jsdoc3Template/wiki#wiki-screenshots))\n\n### Build Tools\n\n+ [JSDoc Grunt plugin](https://github.com/krampstudio/grunt-jsdoc)\n+ [JSDoc ant task](https://github.com/jannon/jsdoc3-ant-task)\n\n\nFor More Information\n--------------------\n\n+ Documentation is available at [Use JSDoc](http://usejsdoc.org).\n+ Contribute to the docs at [jsdoc3/jsdoc3.github.com](https://github.com/jsdoc3/jsdoc3.github.com).\n+ ~~Post questions to the [JSDoc Users mailing list](http://groups.google.com/group/jsdoc-users).~~\n(temporarily unavailable)\n+ Post questions tagged `jsdoc` to [Stack\nOverflow](http://stackoverflow.com/questions/tagged/jsdoc).\n\nLicense\n-------\n\nJSDoc 3 is copyright (c) 2011-2014 Michael Mathews <micmath@gmail.com> and the\n[contributors to JSDoc](https://github.com/jsdoc3/jsdoc/graphs/contributors).\n\nJSDoc 3 is free software, licensed under the Apache License, Version 2.0. See\nthe file `LICENSE.md` in this distribution for more details.\n',
271 silly resolved     readmeFilename: 'README.md',
271 silly resolved     homepage: 'https://github.com/jsdoc3/jsdoc',
271 silly resolved     _id: 'jsdoc@3.3.0-alpha9',
271 silly resolved     dist: { shasum: '4e3058c722ced1687b23f9021295faa61c876084' },
271 silly resolved     _from: 'jsdoc@<=3.3.0',
271 silly resolved     _resolved: 'https://registry.npmjs.org/jsdoc/-/jsdoc-3.3.0-alpha9.tgz' } ]
272 info install jsdoc@3.3.0-alpha9 into /usr/local/lib
273 info installOne jsdoc@3.3.0-alpha9
274 info /usr/local/lib/node_modules/jsdoc unbuild
275 verbose tar unpack /Users/famersbs/.npm/jsdoc/3.3.0-alpha9/package.tgz
276 silly lockFile 07026282-usr-local-lib-node-modules-jsdoc tar:///usr/local/lib/node_modules/jsdoc
277 verbose lock tar:///usr/local/lib/node_modules/jsdoc /Users/famersbs/.npm/07026282-usr-local-lib-node-modules-jsdoc.lock
278 silly lockFile 78d48c5e-m-jsdoc-3-3-0-alpha9-package-tgz tar:///Users/famersbs/.npm/jsdoc/3.3.0-alpha9/package.tgz
279 verbose lock tar:///Users/famersbs/.npm/jsdoc/3.3.0-alpha9/package.tgz /Users/famersbs/.npm/78d48c5e-m-jsdoc-3-3-0-alpha9-package-tgz.lock
280 silly gunzTarPerm modes [ '755', '644' ]
281 error Error: EACCES, mkdir '/usr/local/lib/node_modules/jsdoc'
281 error  { [Error: EACCES, mkdir '/usr/local/lib/node_modules/jsdoc']
281 error   errno: 3,
281 error   code: 'EACCES',
281 error   path: '/usr/local/lib/node_modules/jsdoc',
281 error   fstream_type: 'Directory',
281 error   fstream_path: '/usr/local/lib/node_modules/jsdoc',
281 error   fstream_class: 'DirWriter',
281 error   fstream_stack:
281 error    [ '/usr/local/lib/node_modules/npm/node_modules/fstream/lib/dir-writer.js:36:23',
281 error      '/usr/local/lib/node_modules/npm/node_modules/mkdirp/index.js:37:53',
281 error      'Object.oncomplete (fs.js:107:15)' ] }
282 error Please try running this command again as root/Administrator.
283 error System Darwin 13.3.0
284 error command "node" "/usr/local/bin/npm" "install" "jsdoc@<=3.3.0" "-g"
285 error cwd /Users/famersbs/project/testUrqa/UrQA-Client-Javascript/release/0.0.2/docs
286 error node -v v0.10.26
287 error npm -v 1.4.3
288 error path /usr/local/lib/node_modules/jsdoc
289 error fstream_path /usr/local/lib/node_modules/jsdoc
290 error fstream_type Directory
291 error fstream_class DirWriter
292 error code EACCES
293 error errno 3
294 error stack Error: EACCES, mkdir '/usr/local/lib/node_modules/jsdoc'
295 error fstream_stack /usr/local/lib/node_modules/npm/node_modules/fstream/lib/dir-writer.js:36:23
295 error fstream_stack /usr/local/lib/node_modules/npm/node_modules/mkdirp/index.js:37:53
295 error fstream_stack Object.oncomplete (fs.js:107:15)
296 verbose exit [ 3, true ]
